"../../../../../../Users/rszcz/Documents/Unreal Projects/smash/Content/AstridIdle.uasset" 0
"../../Plugins/2D/Paper2D/Content/DefaultSpriteMaterial.uasset" 1
"../../Plugins/2D/Paper2D/Content/OpaqueUnlitSpriteMaterial.uasset" 2
"../../../../../../Users/rszcz/Documents/Unreal Projects/smash/Content/2dSideScroller/Textures/2DBackground.uasset" 3
"../../../../../../Users/rszcz/Documents/Unreal Projects/smash/Content/2DSideScroller/Sprites/Background_Sprite.uasset" 4
"../../../../../../Users/rszcz/Documents/Unreal Projects/smash/Content/2dSideScroller/Textures/2DCharacter_IdleAnimAtlas.uasset" 5
"../../../../../../Users/rszcz/Documents/Unreal Projects/smash/Content/2DSideScroller/Sprites/IdleFrames/IdleCycle1.uasset" 6
"../../../../../../Users/rszcz/Documents/Unreal Projects/smash/Content/2DSideScroller/Sprites/IdleFrames/IdleCycle2.uasset" 7
"../../../../../../Users/rszcz/Documents/Unreal Projects/smash/Content/2DSideScroller/Sprites/IdleFrames/IdleCycle3.uasset" 8
"../../../../../../Users/rszcz/Documents/Unreal Projects/smash/Content/2DSideScroller/Sprites/IdleFrames/IdleCycle4.uasset" 9
"../../../../../../Users/rszcz/Documents/Unreal Projects/smash/Content/2DSideScroller/Sprites/IdleFrames/IdleCycle5.uasset" 10
"../../../../../../Users/rszcz/Documents/Unreal Projects/smash/Content/2DSideScroller/Sprites/IdleFrames/IdleCycle6.uasset" 11
"../../../../../../Users/rszcz/Documents/Unreal Projects/smash/Content/2DSideScroller/Sprites/IdleFrames/IdleCycle7.uasset" 12
"../../../../../../Users/rszcz/Documents/Unreal Projects/smash/Content/2DSideScroller/Sprites/IdleFrames/IdleCycle8.uasset" 13
"../../../../../../Users/rszcz/Documents/Unreal Projects/smash/Content/2DSideScroller/Sprites/IdleAnimation.uasset" 14
"../../../../../../Users/rszcz/Documents/Unreal Projects/smash/Content/2dSideScroller/Textures/2DBackgroundTile.uasset" 15
"../../../../../../Users/rszcz/Documents/Unreal Projects/smash/Content/2DSideScroller/Materials/PrototypingSpriteMaterial.uasset" 16
"../../../../../../Users/rszcz/Documents/Unreal Projects/smash/Content/2DSideScroller/Sprites/PrototypingSprite.uasset" 17
"../../../../../../Users/rszcz/Documents/Unreal Projects/smash/Content/2dSideScroller/Textures/2DCharacter_RunAnimAtlas.uasset" 18
"../../../../../../Users/rszcz/Documents/Unreal Projects/smash/Content/2dSideScroller/Sprites/RunFrames/RunCycle_1.uasset" 19
"../../../../../../Users/rszcz/Documents/Unreal Projects/smash/Content/2dSideScroller/Sprites/RunFrames/RunCycle_10.uasset" 20
"../../../../../../Users/rszcz/Documents/Unreal Projects/smash/Content/2dSideScroller/Sprites/RunFrames/RunCycle_11.uasset" 21
"../../../../../../Users/rszcz/Documents/Unreal Projects/smash/Content/2dSideScroller/Sprites/RunFrames/RunCycle_12.uasset" 22
"../../../../../../Users/rszcz/Documents/Unreal Projects/smash/Content/2dSideScroller/Sprites/RunFrames/RunCycle_13.uasset" 23
"../../../../../../Users/rszcz/Documents/Unreal Projects/smash/Content/2dSideScroller/Sprites/RunFrames/RunCycle_14.uasset" 24
"../../../../../../Users/rszcz/Documents/Unreal Projects/smash/Content/2dSideScroller/Sprites/RunFrames/RunCycle_15.uasset" 25
"../../../../../../Users/rszcz/Documents/Unreal Projects/smash/Content/2dSideScroller/Sprites/RunFrames/RunCycle_16.uasset" 26
"../../../../../../Users/rszcz/Documents/Unreal Projects/smash/Content/2dSideScroller/Sprites/RunFrames/RunCycle_2.uasset" 27
"../../../../../../Users/rszcz/Documents/Unreal Projects/smash/Content/2dSideScroller/Sprites/RunFrames/RunCycle_3.uasset" 28
"../../../../../../Users/rszcz/Documents/Unreal Projects/smash/Content/2dSideScroller/Sprites/RunFrames/RunCycle_4.uasset" 29
"../../../../../../Users/rszcz/Documents/Unreal Projects/smash/Content/2dSideScroller/Sprites/RunFrames/RunCycle_5.uasset" 30
"../../../../../../Users/rszcz/Documents/Unreal Projects/smash/Content/2dSideScroller/Sprites/RunFrames/RunCycle_6.uasset" 31
"../../../../../../Users/rszcz/Documents/Unreal Projects/smash/Content/2dSideScroller/Sprites/RunFrames/RunCycle_7.uasset" 32
"../../../../../../Users/rszcz/Documents/Unreal Projects/smash/Content/2dSideScroller/Sprites/RunFrames/RunCycle_8.uasset" 33
"../../../../../../Users/rszcz/Documents/Unreal Projects/smash/Content/2dSideScroller/Sprites/RunFrames/RunCycle_9.uasset" 34
"../../../../../../Users/rszcz/Documents/Unreal Projects/smash/Content/2DSideScroller/Sprites/RunningAnimation.uasset" 35
"../../../../../../Users/rszcz/Documents/Unreal Projects/smash/Content/2DSideScroller/Sprites/Astrid/Astrid_Idle.uasset" 36
"../../../../../../Users/rszcz/Documents/Unreal Projects/smash/Content/2DSideScroller/Sprites/Astrid/Astrid_Idle_15.uasset" 37
"../../../../../../Users/rszcz/Documents/Unreal Projects/smash/Content/2DSideScroller/Sprites/Astrid/Astrid_Run.uasset" 38
"../../../../../../Users/rszcz/Documents/Unreal Projects/smash/Content/2DSideScroller/Sprites/Astrid/Astrid_Run_6.uasset" 39
"../../../../../../Users/rszcz/Documents/Unreal Projects/smash/Content/2DSideScroller/Sprites/Astrid/Astrid_Dash/AstridAirDodge00.uasset" 40
"../../../../../../Users/rszcz/Documents/Unreal Projects/smash/Content/2DSideScroller/Sprites/Astrid/Astrid_Dash/AstridAirDodge01.uasset" 41
"../../../../../../Users/rszcz/Documents/Unreal Projects/smash/Content/2DSideScroller/Sprites/Astrid/Astrid_Dash/AstridAirDodge02.uasset" 42
"../../../../../../Users/rszcz/Documents/Unreal Projects/smash/Content/2DSideScroller/Sprites/Astrid/Astrid_Dash/AstridAirDodge03.uasset" 43
"../../../../../../Users/rszcz/Documents/Unreal Projects/smash/Content/2DSideScroller/Sprites/Astrid/Astrid_Dash/AstridAirDodge04.uasset" 44
"../../../../../../Users/rszcz/Documents/Unreal Projects/smash/Content/2DSideScroller/Sprites/Astrid/Astrid_Dash/AstridAirDodge05.uasset" 45
"../../../../../../Users/rszcz/Documents/Unreal Projects/smash/Content/2DSideScroller/Sprites/Astrid/Astrid_Dash/AstridAirDodge06.uasset" 46
"../../../../../../Users/rszcz/Documents/Unreal Projects/smash/Content/2DSideScroller/Sprites/Astrid/Astrid_Dash/AstridAirDodge07.uasset" 47
"../../../../../../Users/rszcz/Documents/Unreal Projects/smash/Content/2DSideScroller/Sprites/Astrid/Astrid_Dash/AstridAirDodge08.uasset" 48
"../../../../../../Users/rszcz/Documents/Unreal Projects/smash/Content/2DSideScroller/Sprites/Astrid/Astrid_Dash/AstridAirDodge09.uasset" 49
"../../../../../../Users/rszcz/Documents/Unreal Projects/smash/Content/2DSideScroller/Sprites/Astrid/Astrid_Dash/Astrid_Air_Dodge.uasset" 50
"../../../../../../Users/rszcz/Documents/Unreal Projects/smash/Content/2DSideScroller/Sprites/Astrid/Astrid_Dash/Astrid_Air_Dodge_Dash6.uasset" 51
"../../../../../../Users/rszcz/Documents/Unreal Projects/smash/Content/2DSideScroller/Sprites/Astrid/Astrid_Dash/Astrid_Air_Dodge_Dash7.uasset" 52
"../../../../../../Users/rszcz/Documents/Unreal Projects/smash/Content/2DSideScroller/Sprites/Astrid/Astrid_Dash/Astrid_Air_Dodge_Dash8.uasset" 53
"../../../../../../Users/rszcz/Documents/Unreal Projects/smash/Content/2DSideScroller/Sprites/Astrid/Astrid_Dash/Astrid_Air_Dodge_Dash9.uasset" 54
"../../../../../../Users/rszcz/Documents/Unreal Projects/smash/Content/2DSideScroller/Sprites/Astrid/Astrid_Shoot/AstridNSpecial5.uasset" 55
"../../../../../../Users/rszcz/Documents/Unreal Projects/smash/Content/2DSideScroller/Sprites/Astrid/Astrid_Shoot/AstridNSpecial5_Sprite.uasset" 56
"../../../../../../Users/rszcz/Documents/Unreal Projects/smash/Content/2DSideScroller/Sprites/Astrid/Astrid_Shoot/AstridNSpecial6.uasset" 57
"../../../../../../Users/rszcz/Documents/Unreal Projects/smash/Content/2DSideScroller/Sprites/Astrid/Astrid_Shoot/AstridNSpecial6_Sprite.uasset" 58
"../../../../../../Users/rszcz/Documents/Unreal Projects/smash/Content/2DSideScroller/Sprites/Astrid/Astrid_Shoot/AstridNSpecial7.uasset" 59
"../../../../../../Users/rszcz/Documents/Unreal Projects/smash/Content/2DSideScroller/Sprites/Astrid/Astrid_Shoot/AstridNSpecial7_Sprite.uasset" 60
"../../../../../../Users/rszcz/Documents/Unreal Projects/smash/Content/Sounds/Game_Sounds/Alien_Death_Ray-SoundBible_com-1203224011.uasset" 61
"../../../../../../Users/rszcz/Documents/Unreal Projects/smash/Content/Sounds/Game_Sounds/Buzzer-SoundBible_com-188422102.uasset" 62
"../../../../../../Users/rszcz/Documents/Unreal Projects/smash/Content/Sounds/Game_Sounds/clink.uasset" 63
"../../../../../../Users/rszcz/Documents/Unreal Projects/smash/Content/Sounds/Game_Sounds/clunk_sword.uasset" 64
"../../../../../../Users/rszcz/Documents/Unreal Projects/smash/Content/Sounds/Game_Sounds/female_att.uasset" 65
"../../../../../../Users/rszcz/Documents/Unreal Projects/smash/Content/Sounds/Game_Sounds/Jump-SoundBible_com-1007297584.uasset" 66
"../../../../../../Users/rszcz/Documents/Unreal Projects/smash/Content/Sounds/Game_Sounds/ker_ching.uasset" 67
"../../../../../../Users/rszcz/Documents/Unreal Projects/smash/Content/Sounds/Game_Sounds/Mario_Jumping-Mike_Koenig-989896458.uasset" 68
"../../../../../../Users/rszcz/Documents/Unreal Projects/smash/Content/Sounds/Game_Sounds/Metroid_Door-Brandino480-995195341.uasset" 69
"../../../../../../Users/rszcz/Documents/Unreal Projects/smash/Content/Sounds/Game_Sounds/Power_Up_Ray-Mike_Koenig-800933783.uasset" 70
"../../../../../../Users/rszcz/Documents/Unreal Projects/smash/Content/Sounds/Game_Sounds/short_sword.uasset" 71
"../../../../../../Users/rszcz/Documents/Unreal Projects/smash/Content/Sounds/Game_Sounds/Strong_Punch-Mike_Koenig-574430706.uasset" 72
"../../../../../../Users/rszcz/Documents/Unreal Projects/smash/Content/Sounds/Game_Sounds/sword_clink.uasset" 73
"../../../../../../Users/rszcz/Documents/Unreal Projects/smash/Content/StarterContent/Materials/M_Basic_Wall.uasset" 74
"../../../../../../Users/rszcz/Documents/Unreal Projects/smash/Content/StarterContent/Architecture/Pillar_50x500.uasset" 75
"../../../../../../Users/rszcz/Documents/Unreal Projects/smash/Content/StarterContent/Architecture/Wall_400x300.uasset" 76
"../../../../../../Users/rszcz/Documents/Unreal Projects/smash/Content/StarterContent/Architecture/Wall_400x400.uasset" 77
"../../../../../../Users/rszcz/Documents/Unreal Projects/smash/Content/StarterContent/Architecture/Wall_500x500.uasset" 78
"../../../../../../Users/rszcz/Documents/Unreal Projects/smash/Content/StarterContent/Architecture/Wall_Door_400x400.uasset" 79
"../../../../../../Users/rszcz/Documents/Unreal Projects/smash/Content/StarterContent/Architecture/Wall_Window_400x400.uasset" 80
"../../../../../../Users/rszcz/Documents/Unreal Projects/smash/Content/StarterContent/Audio/Collapse01.uasset" 81
"../../../../../../Users/rszcz/Documents/Unreal Projects/smash/Content/StarterContent/Audio/Collapse02.uasset" 82
"../../../../../../Users/rszcz/Documents/Unreal Projects/smash/Content/StarterContent/Audio/Explosion01.uasset" 83
"../../../../../../Users/rszcz/Documents/Unreal Projects/smash/Content/StarterContent/Audio/Explosion02.uasset" 84
"../../../../../../Users/rszcz/Documents/Unreal Projects/smash/Content/StarterContent/Audio/Fire01.uasset" 85
"../../../../../../Users/rszcz/Documents/Unreal Projects/smash/Content/StarterContent/Audio/Fire_Sparks01.uasset" 86
"../../../../../../Users/rszcz/Documents/Unreal Projects/smash/Content/StarterContent/Audio/Light01.uasset" 87
"../../../../../../Users/rszcz/Documents/Unreal Projects/smash/Content/StarterContent/Audio/Light01_Cue.uasset" 88
"../../../../../../Users/rszcz/Documents/Unreal Projects/smash/Content/StarterContent/Audio/Light02.uasset" 89
"../../../../../../Users/rszcz/Documents/Unreal Projects/smash/Content/StarterContent/Audio/Light02_Cue.uasset" 90
"../../../../../../Users/rszcz/Documents/Unreal Projects/smash/Content/StarterContent/Audio/Smoke01.uasset" 91
"../../../../../../Users/rszcz/Documents/Unreal Projects/smash/Content/StarterContent/Audio/Starter_Birds01.uasset" 92
"../../../../../../Users/rszcz/Documents/Unreal Projects/smash/Content/StarterContent/Audio/Starter_Music01.uasset" 93
"../../../../../../Users/rszcz/Documents/Unreal Projects/smash/Content/StarterContent/Audio/Starter_Wind05.uasset" 94
"../../../../../../Users/rszcz/Documents/Unreal Projects/smash/Content/StarterContent/Audio/Starter_Wind06.uasset" 95
"../../../../../../Users/rszcz/Documents/Unreal Projects/smash/Content/StarterContent/Audio/Steam01.uasset" 96
"../../../../../../Users/rszcz/Documents/Unreal Projects/smash/Content/StarterContent/Audio/Explosion_Cue.uasset" 97
"../../../../../../Users/rszcz/Documents/Unreal Projects/smash/Content/StarterContent/Textures/T_Burst_M.uasset" 98
"../../../../../../Users/rszcz/Documents/Unreal Projects/smash/Content/StarterContent/Particles/Materials/M_Burst.uasset" 99
"../../../../../../Users/rszcz/Documents/Unreal Projects/smash/Content/StarterContent/Textures/T_Explosion_SubUV.uasset" 100
"../../../../../../Users/rszcz/Documents/Unreal Projects/smash/Content/StarterContent/Particles/Materials/M_explosion_subUV.uasset" 101
"../../../../../../Users/rszcz/Documents/Unreal Projects/smash/Content/StarterContent/Particles/Materials/m_flare_01.uasset" 102
"../../../Engine/Content/Functions/Engine_MaterialFunctions01/Gradient/RadialGradient.uasset" 103
"../../../../../../Users/rszcz/Documents/Unreal Projects/smash/Content/StarterContent/Particles/Materials/M_radial_ramp.uasset" 104
"../../../../../../Users/rszcz/Documents/Unreal Projects/smash/Content/StarterContent/Textures/T_Smoke_SubUV.uasset" 105
"../../../../../../Users/rszcz/Documents/Unreal Projects/smash/Content/StarterContent/Textures/T_Smoke_Tiled_D.uasset" 106
"../../../../../../Users/rszcz/Documents/Unreal Projects/smash/Content/StarterContent/Particles/Materials/M_smoke_subUV.uasset" 107
"../../../../../../Users/rszcz/Documents/Unreal Projects/smash/Content/StarterContent/Particles/P_Explosion.uasset" 108
"../../../../../../Users/rszcz/Documents/Unreal Projects/smash/Content/StarterContent/Blueprints/Blueprint_Effect_Explosion.uasset" 109
"../../../Engine/Content/EditorMeshes/ColorCalibrator/T_ColorGrid.uasset" 110
"../../../../../../Users/rszcz/Documents/Unreal Projects/smash/Content/StarterContent/Materials/M_ColorGrid_LowSpec.uasset" 111
"../../../../../../Users/rszcz/Documents/Unreal Projects/smash/Content/StarterContent/Textures/T_Bush_D.uasset" 112
"../../../../../../Users/rszcz/Documents/Unreal Projects/smash/Content/StarterContent/Textures/T_Bush_N.uasset" 113
"../../../../../../Users/rszcz/Documents/Unreal Projects/smash/Content/StarterContent/Props/Materials/M_Bush.uasset" 114
"../../../../../../Users/rszcz/Documents/Unreal Projects/smash/Content/StarterContent/Props/SM_Bush.uasset" 115
"../../../../../../Users/rszcz/Documents/Unreal Projects/smash/Content/StarterContent/Textures/T_Chair_M.uasset" 116
"../../../../../../Users/rszcz/Documents/Unreal Projects/smash/Content/StarterContent/Textures/T_Chair_N.uasset" 117
"../../../../../../Users/rszcz/Documents/Unreal Projects/smash/Content/StarterContent/Props/Materials/M_Chair.uasset" 118
"../../../../../../Users/rszcz/Documents/Unreal Projects/smash/Content/StarterContent/Props/SM_Couch.uasset" 119
"../../../../../../Users/rszcz/Documents/Unreal Projects/smash/Content/StarterContent/Materials/M_Glass.uasset" 120
"../../../../../../Users/rszcz/Documents/Unreal Projects/smash/Content/StarterContent/Textures/T_Door_M.uasset" 121
"../../../../../../Users/rszcz/Documents/Unreal Projects/smash/Content/StarterContent/Textures/T_Door_N.uasset" 122
"../../../../../../Users/rszcz/Documents/Unreal Projects/smash/Content/StarterContent/Props/Materials/M_Door.uasset" 123
"../../../../../../Users/rszcz/Documents/Unreal Projects/smash/Content/StarterContent/Props/SM_Door.uasset" 124
"../../../../../../Users/rszcz/Documents/Unreal Projects/smash/Content/StarterContent/Props/Materials/M_MaterialSphere.uasset" 125
"../../../../../../Users/rszcz/Documents/Unreal Projects/smash/Content/StarterContent/Props/Materials/M_MaterialSphere_Plain.uasset" 126
"../../../../../../Users/rszcz/Documents/Unreal Projects/smash/Content/StarterContent/Props/SM_MatPreviewMesh_02.uasset" 127
"../../../Engine/Content/Functions/Engine_MaterialFunctions02/Utility/BlendAngleCorrectedNormals.uasset" 128
"../../../../../../Users/rszcz/Documents/Unreal Projects/smash/Content/StarterContent/Textures/T_Detail_Rocky_N.uasset" 129
"../../../../../../Users/rszcz/Documents/Unreal Projects/smash/Content/StarterContent/Textures/T_Rock_Basalt_D.uasset" 130
"../../../../../../Users/rszcz/Documents/Unreal Projects/smash/Content/StarterContent/Textures/T_RockMesh_M.uasset" 131
"../../../../../../Users/rszcz/Documents/Unreal Projects/smash/Content/StarterContent/Textures/T_RockMesh_N.uasset" 132
"../../../../../../Users/rszcz/Documents/Unreal Projects/smash/Content/StarterContent/Props/Materials/M_Rock.uasset" 133
"../../../../../../Users/rszcz/Documents/Unreal Projects/smash/Content/StarterContent/Props/SM_Rock.uasset" 134
"../../../../../../Users/rszcz/Documents/Unreal Projects/smash/Content/StarterContent/Textures/T_Shelf_M.uasset" 135
"../../../../../../Users/rszcz/Documents/Unreal Projects/smash/Content/StarterContent/Textures/T_Shelf_N.uasset" 136
"../../../../../../Users/rszcz/Documents/Unreal Projects/smash/Content/StarterContent/Props/Materials/M_Shelf.uasset" 137
"../../../../../../Users/rszcz/Documents/Unreal Projects/smash/Content/StarterContent/Props/SM_Shelf.uasset" 138
"../../../../../../Users/rszcz/Documents/Unreal Projects/smash/Content/StarterContent/Materials/M_Basic_Floor.uasset" 139
"../../../../../../Users/rszcz/Documents/Unreal Projects/smash/Content/StarterContent/Props/SM_Stairs.uasset" 140
"../../../../../../Users/rszcz/Documents/Unreal Projects/smash/Content/StarterContent/Shapes/Shape_Cone.uasset" 141
"../../../../../../Users/rszcz/Documents/Unreal Projects/smash/Content/StarterContent/Shapes/Shape_Cylinder.uasset" 142
"../../../../../../Users/rszcz/Documents/Unreal Projects/smash/Content/StarterContent/Shapes/Shape_NarrowCapsule.uasset" 143
"../../../../../../Users/rszcz/Documents/Unreal Projects/smash/Content/StarterContent/Shapes/Shape_Pipe.uasset" 144
"../../../../../../Users/rszcz/Documents/Unreal Projects/smash/Content/StarterContent/Shapes/Shape_Pipe_180.uasset" 145
"../../../../../../Users/rszcz/Documents/Unreal Projects/smash/Content/StarterContent/Shapes/Shape_Pipe_90.uasset" 146
"../../../../../../Users/rszcz/Documents/Unreal Projects/smash/Content/StarterContent/Shapes/Shape_Plane.uasset" 147
"../../../../../../Users/rszcz/Documents/Unreal Projects/smash/Content/StarterContent/Shapes/Shape_Torus.uasset" 148
"../../../../../../Users/rszcz/Documents/Unreal Projects/smash/Content/StarterContent/Shapes/Shape_Trim.uasset" 149
"../../../../../../Users/rszcz/Documents/Unreal Projects/smash/Content/StarterContent/Shapes/Shape_Trim_90_In.uasset" 150
"../../../../../../Users/rszcz/Documents/Unreal Projects/smash/Content/StarterContent/Shapes/Shape_Trim_90_Out.uasset" 151
"../../../../../../Users/rszcz/Documents/Unreal Projects/smash/Content/StarterContent/Shapes/Shape_TriPyramid.uasset" 152
"../../../../../../Users/rszcz/Documents/Unreal Projects/smash/Content/StarterContent/Shapes/Shape_Tube.uasset" 153
"../../../../../../Users/rszcz/Documents/Unreal Projects/smash/Content/StarterContent/Shapes/Shape_Wedge_A.uasset" 154
"../../../../../../Users/rszcz/Documents/Unreal Projects/smash/Content/StarterContent/Shapes/Shape_Wedge_B.uasset" 155
"../../../../../../Users/rszcz/Documents/Unreal Projects/smash/Content/StarterContent/Shapes/Shape_WideCapsule.uasset" 156
"../../../Engine/Content/Functions/Engine_MaterialFunctions01/Opacity/CameraDepthFade.uasset" 157
"../../../Engine/Content/EngineMaterials/T_Default_Material_Grid_M.uasset" 158
"../../../Engine/Content/EngineMaterials/T_Default_Material_Grid_N.uasset" 159
"../../../Engine/Content/EngineMaterials/WorldGridMaterial.uasset" 160
"../../../Engine/Content/ArtTools/RenderToTexture/Meshes/S_1_Unit_Plane.uasset" 161
"../../../Engine/Content/EngineMaterials/DefaultMaterial.uasset" 162
"../../../Engine/Content/BasicShapes/Cone.uasset" 163
"../../../Engine/Content/BasicShapes/Cube.uasset" 164
"../../../Engine/Content/BasicShapes/Cylinder.uasset" 165
"../../../Engine/Content/BasicShapes/Plane.uasset" 166
"../../../Engine/Content/BasicShapes/Sphere.uasset" 167
"../../../Engine/Content/EditorLandscapeResources/DataLayer.uasset" 168
"../../../Engine/Content/EditorMaterials/GizmoMaterial.uasset" 169
"../../../Engine/Content/EditorMaterials/MAT_Groups_Toggle.uasset" 170
"../../../Engine/Content/EditorMaterials/MAT_Groups_Visibility.uasset" 171
"../../../Engine/Content/EditorMaterials/PreviewShadowIndicator.uasset" 172
"../../../Engine/Content/EditorMaterials/PreviewShadowIndicatorMaterial.uasset" 173
"../../../Engine/Content/EditorMaterials/MatineeGroups/MAT_ColorTrack.uasset" 174
"../../../Engine/Content/EditorMaterials/MatineeGroups/MAT_Groups_Anim.uasset" 175
"../../../Engine/Content/EditorMaterials/MatineeGroups/MAT_Groups_AudioMaster.uasset" 176
"../../../Engine/Content/EditorMaterials/MatineeGroups/MAT_Groups_Director.uasset" 177
"../../../Engine/Content/EditorMaterials/MatineeGroups/MAT_Groups_Event.uasset" 178
"../../../Engine/Content/EditorMaterials/MatineeGroups/MAT_Groups_Fade.uasset" 179
"../../../Engine/Content/EditorMaterials/MatineeGroups/MAT_Groups_Float.uasset" 180
"../../../Engine/Content/EditorMaterials/MatineeGroups/MAT_Groups_Move.uasset" 181
"../../../Engine/Content/EditorMaterials/MatineeGroups/MAT_Groups_Slomo.uasset" 182
"../../../Engine/Content/EditorMaterials/MatineeGroups/MAT_Groups_Sound.uasset" 183
"../../../Engine/Content/EditorMaterials/MatineeGroups/MAT_Groups_Vector.uasset" 184
"../../../Engine/Content/EditorMaterials/ParticleSystems/PSysThumbnail_NoImage.uasset" 185
"../../../Engine/Content/EditorMaterials/ParticleSystems/PSysThumbnail_OOD.uasset" 186
"../../../Engine/Content/EditorMaterials/Camera/CineMat.uasset" 187
"../../../Engine/Content/EditorMaterials/Camera/MI_CineMat_Rig.uasset" 188
"../../../Engine/Content/EditorMeshes/Camera/SM_CraneRig_Arm.uasset" 189
"../../../Engine/Content/EditorMeshes/Camera/SM_CraneRig_Base.uasset" 190
"../../../Engine/Content/EditorMeshes/Camera/SM_CraneRig_Body.uasset" 191
"../../../Engine/Content/EditorMeshes/Camera/SM_CraneRig_Mount.uasset" 192
"../../../Engine/Content/EditorMeshes/Camera/SM_RailRig_Mount.uasset" 193
"../../../Engine/Content/EditorMeshes/Camera/SM_RailRig_Track.uasset" 194
"../../../Engine/Content/EditorResources/BSPVertex.uasset" 195
"../../../Engine/Content/EditorResources/EmptyActor.uasset" 196
"../../../Engine/Content/EditorResources/S_Actor.uasset" 197
"../../../Engine/Content/EditorResources/S_Trigger.uasset" 198
"../../../Engine/Content/EditorResources/AudioIcons/S_AudioComponent.uasset" 199
"../../../Engine/Content/EditorResources/AudioIcons/S_AudioComponent_AutoActivate.uasset" 200
"../../../Engine/Content/EditorResources/LightIcons/S_LightError.uasset" 201
"../../../Engine/Content/EditorResources/SequenceRecorder/Countdown.uasset" 202
"../../../Engine/Content/EditorResources/SequenceRecorder/RecordingIndicator.uasset" 203
"../../../Engine/Content/EditorSounds/Notifications/CompileFailed.uasset" 204
"../../../Engine/Content/EditorSounds/Notifications/CompileFailed_Cue.uasset" 205
"../../../Engine/Content/EditorSounds/Notifications/CompileSuccess.uasset" 206
"../../../Engine/Content/EditorSounds/Notifications/CompileStart_Cue.uasset" 207
"../../../Engine/Content/EditorSounds/Notifications/CompileSuccess_Cue.uasset" 208
"../../../Engine/Content/EngineDamageTypes/DmgTypeBP_Environmental.uasset" 209
"../../../Engine/Content/EngineDebugMaterials/HeatmapGradient.uasset" 210
"../../../Engine/Content/EngineDebugMaterials/BoneWeightMaterial.uasset" 211
"../../../Engine/Content/EngineDebugMaterials/ClothMaterial.uasset" 212
"../../../Engine/Content/EngineDebugMaterials/ClothMaterial_WF.uasset" 213
"../../../Engine/Content/EngineDebugMaterials/DebugEditorMaterial.uasset" 214
"../../../Engine/Content/EngineDebugMaterials/DebugMeshMaterial.uasset" 215
"../../../Engine/Content/EngineDebugMaterials/GeomMaterial.uasset" 216
"../../../Engine/Content/EngineDebugMaterials/M_SimpleTranslucent.uasset" 217
"../../../Engine/Content/EngineFonts/Faces/RobotoBold.uasset" 218
"../../../Engine/Content/EngineFonts/Faces/RobotoBoldItalic.uasset" 219
"../../../Engine/Content/EngineFonts/Faces/RobotoItalic.uasset" 220
"../../../Engine/Content/EngineFonts/Faces/RobotoLight.uasset" 221
"../../../Engine/Content/EngineFonts/Faces/RobotoRegular.uasset" 222
"../../../Engine/Content/EngineFonts/Roboto.uasset" 223
"../../../Engine/Content/EngineFonts/Faces/RobotoTiny.uasset" 224
"../../../Engine/Content/EngineFonts/RobotoTiny.uasset" 225
"../../../Engine/Content/EngineMaterials/BaseFlattenDiffuseMap.uasset" 226
"../../../Engine/Content/EngineMaterials/BaseFlattenEmissiveMap.uasset" 227
"../../../Engine/Content/EngineMaterials/BaseFlattenGrayscaleMap.uasset" 228
"../../../Engine/Content/EngineMaterials/BaseFlattenNormalMap.uasset" 229
"../../../Engine/Content/EngineMaterials/BaseFlattenMaterial.uasset" 230
"../../../Engine/Content/EngineMaterials/DefaultBloomKernel.uasset" 231
"../../../Engine/Content/EngineMaterials/DefaultBokeh.uasset" 232
"../../../Engine/Content/EngineMaterials/DefaultDiffuse.uasset" 233
"../../../Engine/Content/EngineMaterials/DefaultDeferredDecalMaterial.uasset" 234
"../../../Engine/Content/EngineMaterials/DefaultLightFunctionMaterial.uasset" 235
"../../../Engine/Content/EngineMaterials/DefaultPhysicalMaterial.uasset" 236
"../../../Engine/Content/Functions/Engine_MaterialFunctions02/Utility/BreakOutFloat2Components.uasset" 237
"../../../Engine/Content/EngineMaterials/DefaultPostProcessMaterial.uasset" 238
"../../../Engine/Content/EngineFonts/RobotoDistanceField.uasset" 239
"../../../Engine/Content/EngineMaterials/DefaultTextMaterialOpaque.uasset" 240
"../../../Engine/Content/EngineMaterials/DefaultWhiteGrid.uasset" 241
"../../../Engine/Content/EngineMaterials/EditorBrushMaterial.uasset" 242
"../../../Engine/Content/EngineMaterials/Good64x64TilingNoiseHighFreq.uasset" 243
"../../../Engine/Content/EngineMaterials/MiniFont.uasset" 244
"../../../Engine/Content/EngineMaterials/InvalidLightmapSettings.uasset" 245
"../../../Engine/Content/EngineMaterials/M_InvalidLightmapSettings.uasset" 246
"../../../Engine/Content/Functions/Engine_MaterialFunctions02/WorldPositionOffset/CameraOffset.uasset" 247
"../../../Engine/Content/EngineMaterials/PhAT_JointLimitMaterial.uasset" 248
"../../../Engine/Content/EngineMaterials/PreintegratedSkinBRDF.uasset" 249
"../../../Engine/Content/EngineMaterials/RemoveSurfaceMaterial.uasset" 250
"../../../Engine/Content/EngineMaterials/WeightMapPlaceholderTexture.uasset" 251
"../../../Engine/Content/EngineResources/WhiteSquareTexture.uasset" 252
"../../../Engine/Content/EngineMaterials/Widget3DPassThrough.uasset" 253
"../../../Engine/Content/EngineMaterials/Widget3DPassThrough_Masked.uasset" 254
"../../../Engine/Content/EngineMaterials/Widget3DPassThrough_Opaque.uasset" 255
"../../../Engine/Content/EngineMaterials/Widget3DPassThrough_Masked_OneSided.uasset" 256
"../../../Engine/Content/EngineMaterials/Widget3DPassThrough_Opaque_OneSided.uasset" 257
"../../../Engine/Content/EngineMaterials/Widget3DPassThrough_Translucent.uasset" 258
"../../../Engine/Content/EngineMaterials/Widget3DPassThrough_Translucent_OneSided.uasset" 259
"../../../Engine/Content/EngineMeshes/Cylinder.uasset" 260
"../../../Engine/Content/EngineMeshes/Sphere.uasset" 261
"../../../Engine/Content/EngineResources/Black.uasset" 262
"../../../Engine/Content/EngineResources/DefaultTexture.uasset" 263
"../../../Engine/Content/EngineResources/DefaultTextureCube.uasset" 264
"../../../Engine/Content/EngineResources/DefaultVolumeTexture2D.uasset" 265
"../../../Engine/Content/EngineResources/DefaultVolumeTexture.uasset" 266
"../../../Engine/Content/EngineResources/GradientTexture0.uasset" 267
"../../../Engine/Content/EngineSounds/Master.uasset" 268
"../../../Engine/Content/Functions/Engine_MaterialFunctions01/Shading/ConvertFromDiffSpec.uasset" 269
"../../../Engine/Content/Functions/Engine_MaterialFunctions01/Shading/PowerToRoughness.uasset" 270
"../../../Engine/Content/Maps/Templates/Thumbnails/Default.uasset" 271
"../../../Engine/Content/Maps/Templates/Thumbnails/VR-Basic.uasset" 272
"../../../Engine/Content/MobileResources/T_MobileControls_texture.uasset" 273
"../../../Engine/Content/MobileResources/T_MobileMenu2.uasset" 274
"../../../Engine/Content/MobileResources/HUD/AnalogHat.uasset" 275
"../../../Engine/Content/MobileResources/HUD/VirtualJoystick_Background.uasset" 276
"../../../Engine/Content/MobileResources/HUD/VirtualJoystick_Thumb.uasset" 277
"../../../Engine/Content/MobileResources/HUD/DefaultVirtualJoysticks.uasset" 278
"../../../Engine/Content/MobileResources/HUD/LeftVirtualJoystickOnly.uasset" 279
"../../../Engine/Content/MobileResources/HUD/MobileHUDButton1_off.uasset" 280
"../../../Engine/Content/MobileResources/HUD/MobileHUDButton1_on.uasset" 281
"../../../Engine/Content/MobileResources/HUD/MobileHUDButton2_off.uasset" 282
"../../../Engine/Content/MobileResources/HUD/MobileHUDButton2_on.uasset" 283
"../../../Engine/Content/MobileResources/HUD/MobileHUDButton3.uasset" 284
"../../../Engine/Content/MobileResources/HUD/MobileHUDButtonFire.uasset" 285
"../../../Engine/Content/MobileResources/HUD/MobileHUDDirectionPad.uasset" 286
"../../../Engine/Content/MobileResources/HUD/MobileHUDDirectionPad2.uasset" 287
"../../../Engine/Content/MobileResources/HUD/MobileHUDDirectionPad3.uasset" 288
"../../../Engine/Content/MobileResources/HUD/MobileHUDDirectionStick.uasset" 289
"../../../Engine/Content/MobileResources/HUD/T_Castle_ThumbstickInner.uasset" 290
"../../../Engine/Content/MobileResources/HUD/T_Castle_ThumbstickOutter.uasset" 291
"../../../Engine/Content/Tutorial/ContentIntroCurve.uasset" 292
"../../../Engine/Content/Tutorial/Basics/TutorialAssets/icon_tab_Levels_40x.uasset" 293
"../../../Engine/Content/Tutorial/BlueprintTutorials/TutorialAssets/Blueprint_64x.uasset" 294
"../../../Engine/Content/Tutorial/Mobile/TutorialAssets/android_Icon.uasset" 295
"../../../Engine/Content/Tutorial/Paper2D/TutorialAssets/Paper2DFlipbook_TutorialIcon.uasset" 296
"../../../Engine/Content/VREditor/LaserPointer/VR_LaserPower_01.uasset" 297
"../../../Engine/Content/VREditor/TransformGizmo/TransformGizmoMaterial.uasset" 298
"../../../Engine/Content/VREditor/TransformGizmo/TranslucentTransformGizmoMaterial.uasset" 299
"../../../Engine/Content/VREditor/TransformGizmo/BoundingBoxCorner.uasset" 300
"../../../Engine/Content/VREditor/TransformGizmo/BoundingBoxEdge.uasset" 301
"../../../Engine/Content/VREditor/TransformGizmo/PlaneTranslationHandle.uasset" 302
"../../../Engine/Content/VREditor/TransformGizmo/Main.uasset" 303
"../../../Engine/Content/VREditor/TransformGizmo/Xray.uasset" 304
"../../../Engine/Content/VREditor/TransformGizmo/SM_Sequencer_Key.uasset" 305
"../../../Engine/Content/VREditor/TransformGizmo/SM_Sequencer_Node.uasset" 306
"../../Plugins/2D/Paper2D/Content/PlaceholderTextures/DummySpriteTexture.uasset" 307
"../../Plugins/2D/Paper2D/Content/DummySprite.uasset" 308
"../../Plugins/2D/Paper2D/Content/DefaultPaperTerrainMaterial.uasset" 309
"../../Plugins/2D/Paper2D/Content/MaskedUnlitSpriteMaterial.uasset" 310
"../../Plugins/Runtime/Oculus/OculusVR/Content/Materials/PokeAHoleMaterial.uasset" 311
"../../Plugins/Runtime/Oculus/OculusVR/Content/Textures/GearVRController_AO.uasset" 312
"../../Plugins/Runtime/Oculus/OculusVR/Content/Textures/GearVRController_Color.uasset" 313
"../../Plugins/Runtime/Oculus/OculusVR/Content/Textures/GearVRController_Normal.uasset" 314
"../../Plugins/Runtime/Oculus/OculusVR/Content/Materials/GearVRControllerMaterial.uasset" 315
"../../Plugins/Runtime/Oculus/OculusVR/Content/Meshes/GearVrController.uasset" 316
"../../Plugins/Runtime/Oculus/OculusVR/Content/Textures/touchController_albedo.uasset" 317
"../../Plugins/Runtime/Oculus/OculusVR/Content/Textures/touchController_controlmap.uasset" 318
"../../Plugins/Runtime/Oculus/OculusVR/Content/Materials/touchController_mat.uasset" 319
"../../Plugins/Runtime/Oculus/OculusVR/Content/Meshes/LeftTouchController.uasset" 320
"../../Plugins/Runtime/Oculus/OculusVR/Content/Meshes/RiftHMD.uasset" 321
"../../Plugins/Runtime/Oculus/OculusVR/Content/Meshes/RightTouchController.uasset" 322
"../../../../../../Users/rszcz/Documents/Unreal Projects/smash/Content/2DSideScroller/Sprites/Astrid/Astrid_Projectile/AstridProjectile0.uasset" 323
"../../../../../../Users/rszcz/Documents/Unreal Projects/smash/Content/2DSideScroller/Sprites/Astrid/Astrid_Projectile/AstridProjectile0_Sprite.uasset" 324
"../../../../../../Users/rszcz/Documents/Unreal Projects/smash/Content/2DSideScroller/Sprites/Astrid/Astrid_Projectile/AstridProjectile1.uasset" 325
"../../../../../../Users/rszcz/Documents/Unreal Projects/smash/Content/2DSideScroller/Sprites/Astrid/Astrid_Projectile/AstridProjectile1_Sprite.uasset" 326
"../../../../../../Users/rszcz/Documents/Unreal Projects/smash/Content/2DSideScroller/Sprites/Astrid/Astrid_Projectile/AstridProjectile2.uasset" 327
"../../../../../../Users/rszcz/Documents/Unreal Projects/smash/Content/2DSideScroller/Sprites/Astrid/Astrid_Projectile/AstridProjectile2_Sprite.uasset" 328
"../../../../../../Users/rszcz/Documents/Unreal Projects/smash/Content/2DSideScroller/Sprites/Astrid/Astrid_Projectile/AstridProjectile.uasset" 329
"../../../../../../Users/rszcz/Documents/Unreal Projects/smash/Content/Blueprints/projectile.uasset" 330
"../../../../../../Users/rszcz/Documents/Unreal Projects/smash/Content/2DSideScroller/Sprites/Astrid/Astrid_Dash/Astrid_Air_Dodge_Dash0.uasset" 331
"../../../../../../Users/rszcz/Documents/Unreal Projects/smash/Content/2DSideScroller/Sprites/Astrid/Astrid_Dash/Astrid_Air_Dodge_Dash1.uasset" 332
"../../Plugins/2D/Paper2D/Content/TranslucentUnlitSpriteMaterial.uasset" 333
"../../../../../../Users/rszcz/Documents/Unreal Projects/smash/Content/2DSideScroller/Sprites/Astrid/Astrid_Dash/Astrid_Air_Dodge_Dash2.uasset" 334
"../../../../../../Users/rszcz/Documents/Unreal Projects/smash/Content/2DSideScroller/Sprites/Astrid/Astrid_Dash/Astrid_Air_Dodge_Dash3.uasset" 335
"../../../../../../Users/rszcz/Documents/Unreal Projects/smash/Content/2DSideScroller/Sprites/Astrid/Astrid_Dash/Astrid_Air_Dodge_Dash4.uasset" 336
"../../../../../../Users/rszcz/Documents/Unreal Projects/smash/Content/2DSideScroller/Sprites/Astrid/Astrid_Dash/Astrid_Air_Dodge_Dash5.uasset" 337
"../../../../../../Users/rszcz/Documents/Unreal Projects/smash/Content/2DSideScroller/Sprites/Astrid/Astrid_Dash/Astrid_Air_Dodge_Dash.uasset" 338
"../../../../../../Users/rszcz/Documents/Unreal Projects/smash/Content/2DSideScroller/Sprites/Astrid/Astrid_Idle_0.uasset" 339
"../../../../../../Users/rszcz/Documents/Unreal Projects/smash/Content/2DSideScroller/Sprites/Astrid/Astrid_Idle_1.uasset" 340
"../../../../../../Users/rszcz/Documents/Unreal Projects/smash/Content/2DSideScroller/Sprites/Astrid/Astrid_Idle_10.uasset" 341
"../../../../../../Users/rszcz/Documents/Unreal Projects/smash/Content/2DSideScroller/Sprites/Astrid/Astrid_Idle_11.uasset" 342
"../../../../../../Users/rszcz/Documents/Unreal Projects/smash/Content/2DSideScroller/Sprites/Astrid/Astrid_Idle_12.uasset" 343
"../../../../../../Users/rszcz/Documents/Unreal Projects/smash/Content/2DSideScroller/Sprites/Astrid/Astrid_Idle_13.uasset" 344
"../../../../../../Users/rszcz/Documents/Unreal Projects/smash/Content/2DSideScroller/Sprites/Astrid/Astrid_Idle_14.uasset" 345
"../../../../../../Users/rszcz/Documents/Unreal Projects/smash/Content/2DSideScroller/Sprites/Astrid/Astrid_Idle_2.uasset" 346
"../../../../../../Users/rszcz/Documents/Unreal Projects/smash/Content/2DSideScroller/Sprites/Astrid/Astrid_Idle_3.uasset" 347
"../../../../../../Users/rszcz/Documents/Unreal Projects/smash/Content/2DSideScroller/Sprites/Astrid/Astrid_Idle_4.uasset" 348
"../../../../../../Users/rszcz/Documents/Unreal Projects/smash/Content/2DSideScroller/Sprites/Astrid/Astrid_Idle_5.uasset" 349
"../../../../../../Users/rszcz/Documents/Unreal Projects/smash/Content/2DSideScroller/Sprites/Astrid/Astrid_Idle_6.uasset" 350
"../../../../../../Users/rszcz/Documents/Unreal Projects/smash/Content/2DSideScroller/Sprites/Astrid/Astrid_Idle_7.uasset" 351
"../../../../../../Users/rszcz/Documents/Unreal Projects/smash/Content/2DSideScroller/Sprites/Astrid/Astrid_Idle_8.uasset" 352
"../../../../../../Users/rszcz/Documents/Unreal Projects/smash/Content/2DSideScroller/Sprites/Astrid/Astrid_Idle_9.uasset" 353
"../../../../../../Users/rszcz/Documents/Unreal Projects/smash/Content/2DSideScroller/Sprites/Astrid/Astrid_Idle_Flipbook.uasset" 354
"../../../../../../Users/rszcz/Documents/Unreal Projects/smash/Content/2DSideScroller/Sprites/Astrid/Astrid_Idle_Idle_0.uasset" 355
"../../../../../../Users/rszcz/Documents/Unreal Projects/smash/Content/2DSideScroller/Sprites/Astrid/Astrid_Idle_Idle_1.uasset" 356
"../../../../../../Users/rszcz/Documents/Unreal Projects/smash/Content/2DSideScroller/Sprites/Astrid/Astrid_Idle_Idle_10.uasset" 357
"../../../../../../Users/rszcz/Documents/Unreal Projects/smash/Content/2DSideScroller/Sprites/Astrid/Astrid_Idle_Idle_11.uasset" 358
"../../../../../../Users/rszcz/Documents/Unreal Projects/smash/Content/2DSideScroller/Sprites/Astrid/Astrid_Idle_Idle_12.uasset" 359
"../../../../../../Users/rszcz/Documents/Unreal Projects/smash/Content/2DSideScroller/Sprites/Astrid/Astrid_Idle_Idle_13.uasset" 360
"../../../../../../Users/rszcz/Documents/Unreal Projects/smash/Content/2DSideScroller/Sprites/Astrid/Astrid_Idle_Idle_14.uasset" 361
"../../../../../../Users/rszcz/Documents/Unreal Projects/smash/Content/2DSideScroller/Sprites/Astrid/Astrid_Idle_Idle_15.uasset" 362
"../../../../../../Users/rszcz/Documents/Unreal Projects/smash/Content/2DSideScroller/Sprites/Astrid/Astrid_Idle_Idle_2.uasset" 363
"../../../../../../Users/rszcz/Documents/Unreal Projects/smash/Content/2DSideScroller/Sprites/Astrid/Astrid_Idle_Idle_3.uasset" 364
"../../../../../../Users/rszcz/Documents/Unreal Projects/smash/Content/2DSideScroller/Sprites/Astrid/Astrid_Idle_Idle_4.uasset" 365
"../../../../../../Users/rszcz/Documents/Unreal Projects/smash/Content/2DSideScroller/Sprites/Astrid/Astrid_Idle_Idle_5.uasset" 366
"../../../../../../Users/rszcz/Documents/Unreal Projects/smash/Content/2DSideScroller/Sprites/Astrid/Astrid_Idle_Idle_6.uasset" 367
"../../../../../../Users/rszcz/Documents/Unreal Projects/smash/Content/2DSideScroller/Sprites/Astrid/Astrid_Idle_Idle_7.uasset" 368
"../../../../../../Users/rszcz/Documents/Unreal Projects/smash/Content/2DSideScroller/Sprites/Astrid/Astrid_Idle_Idle_8.uasset" 369
"../../../../../../Users/rszcz/Documents/Unreal Projects/smash/Content/2DSideScroller/Sprites/Astrid/Astrid_Idle_Idle_9.uasset" 370
"../../../../../../Users/rszcz/Documents/Unreal Projects/smash/Content/2DSideScroller/Sprites/Astrid/Astrid_Idle_Idle.uasset" 371
"../../../../../../Users/rszcz/Documents/Unreal Projects/smash/Content/2DSideScroller/Sprites/Astrid/Astrid_Jump/Astrid_Jump.uasset" 372
"../../../../../../Users/rszcz/Documents/Unreal Projects/smash/Content/2DSideScroller/Sprites/Astrid/Astrid_Jump/Astrid_Jump_Sprite_0.uasset" 373
"../../../../../../Users/rszcz/Documents/Unreal Projects/smash/Content/2DSideScroller/Sprites/Astrid/Astrid_Jump/Astrid_Jump_Sprite_1.uasset" 374
"../../../../../../Users/rszcz/Documents/Unreal Projects/smash/Content/2DSideScroller/Sprites/Astrid/Astrid_Jump/Astrid_Jump_Sprite_10.uasset" 375
"../../../../../../Users/rszcz/Documents/Unreal Projects/smash/Content/2DSideScroller/Sprites/Astrid/Astrid_Jump/Astrid_Jump_Sprite_11.uasset" 376
"../../../../../../Users/rszcz/Documents/Unreal Projects/smash/Content/2DSideScroller/Sprites/Astrid/Astrid_Jump/Astrid_Jump_Sprite_12.uasset" 377
"../../../../../../Users/rszcz/Documents/Unreal Projects/smash/Content/2DSideScroller/Sprites/Astrid/Astrid_Jump/Astrid_Jump_Sprite_13.uasset" 378
"../../../../../../Users/rszcz/Documents/Unreal Projects/smash/Content/2DSideScroller/Sprites/Astrid/Astrid_Jump/Astrid_Jump_Sprite_14.uasset" 379
"../../../../../../Users/rszcz/Documents/Unreal Projects/smash/Content/2DSideScroller/Sprites/Astrid/Astrid_Jump/Astrid_Jump_Sprite_15.uasset" 380
"../../../../../../Users/rszcz/Documents/Unreal Projects/smash/Content/2DSideScroller/Sprites/Astrid/Astrid_Jump/Astrid_Jump_Sprite_2.uasset" 381
"../../../../../../Users/rszcz/Documents/Unreal Projects/smash/Content/2DSideScroller/Sprites/Astrid/Astrid_Jump/Astrid_Jump_Sprite_3.uasset" 382
"../../../../../../Users/rszcz/Documents/Unreal Projects/smash/Content/2DSideScroller/Sprites/Astrid/Astrid_Jump/Astrid_Jump_Sprite_4.uasset" 383
"../../../../../../Users/rszcz/Documents/Unreal Projects/smash/Content/2DSideScroller/Sprites/Astrid/Astrid_Jump/Astrid_Jump_Sprite_5.uasset" 384
"../../../../../../Users/rszcz/Documents/Unreal Projects/smash/Content/2DSideScroller/Sprites/Astrid/Astrid_Jump/Astrid_Jump_Sprite_6.uasset" 385
"../../../../../../Users/rszcz/Documents/Unreal Projects/smash/Content/2DSideScroller/Sprites/Astrid/Astrid_Jump/Astrid_Jump_Sprite_7.uasset" 386
"../../../../../../Users/rszcz/Documents/Unreal Projects/smash/Content/2DSideScroller/Sprites/Astrid/Astrid_Jump/Astrid_Jump_Sprite_8.uasset" 387
"../../../../../../Users/rszcz/Documents/Unreal Projects/smash/Content/2DSideScroller/Sprites/Astrid/Astrid_Jump/Astrid_Jump_Sprite_9.uasset" 388
"../../../../../../Users/rszcz/Documents/Unreal Projects/smash/Content/2DSideScroller/Sprites/Astrid/Astrid_Jump/Astrid_Jumping.uasset" 389
"../../../../../../Users/rszcz/Documents/Unreal Projects/smash/Content/2DSideScroller/Sprites/Astrid/Astrid_Run_0.uasset" 390
"../../../../../../Users/rszcz/Documents/Unreal Projects/smash/Content/2DSideScroller/Sprites/Astrid/Astrid_Run_1.uasset" 391
"../../../../../../Users/rszcz/Documents/Unreal Projects/smash/Content/2DSideScroller/Sprites/Astrid/Astrid_Run_2.uasset" 392
"../../../../../../Users/rszcz/Documents/Unreal Projects/smash/Content/2DSideScroller/Sprites/Astrid/Astrid_Run_3.uasset" 393
"../../../../../../Users/rszcz/Documents/Unreal Projects/smash/Content/2DSideScroller/Sprites/Astrid/Astrid_Run_4.uasset" 394
"../../../../../../Users/rszcz/Documents/Unreal Projects/smash/Content/2DSideScroller/Sprites/Astrid/Astrid_Run_5.uasset" 395
"../../../../../../Users/rszcz/Documents/Unreal Projects/smash/Content/2DSideScroller/Sprites/Astrid/Astrid_Run_7.uasset" 396
"../../../../../../Users/rszcz/Documents/Unreal Projects/smash/Content/2DSideScroller/Sprites/Astrid/Astrid_Run_8.uasset" 397
"../../../../../../Users/rszcz/Documents/Unreal Projects/smash/Content/2DSideScroller/Sprites/Astrid/Astrid_Run_9.uasset" 398
"../../../../../../Users/rszcz/Documents/Unreal Projects/smash/Content/2DSideScroller/Sprites/Astrid/Astrid_Run_Flipbook.uasset" 399
"../../../../../../Users/rszcz/Documents/Unreal Projects/smash/Content/Blueprints/Char_States.uasset" 400
"../../../../../../Users/rszcz/Documents/Unreal Projects/smash/Content/Blueprints/Astrid.uasset" 401
"../../../Engine/Content/EngineMaterials/NewBaseFlattenMaterial.uasset" 402
"../../../../../../Users/rszcz/Documents/Unreal Projects/smash/Content/StarterContent/Shapes/M_Shape_Cube_M_Brick_Cut_Stone_804D6B244D9022A5FF847CBDE28EB821.uasset" 403
"../../../../../../Users/rszcz/Documents/Unreal Projects/smash/Content/2DSideScroller/Sprites/Backgrounds/Music_Stadium_-_Rock.uasset" 404
"../../../../../../Users/rszcz/Documents/Unreal Projects/smash/Content/2DSideScroller/Sprites/Backgrounds/Music_Stadium_-_Rock_0.uasset" 405
"../../../../../../Users/rszcz/Documents/Unreal Projects/smash/Content/2DSideScroller/Sprites/Backgrounds/Music_Stadium_-_Rock_1.uasset" 406
"../../../../../../Users/rszcz/Documents/Unreal Projects/smash/Content/2DSideScroller/Sprites/Backgrounds/Music_Stadium_-_Rock_2.uasset" 407
"../../../../../../Users/rszcz/Documents/Unreal Projects/smash/Content/2DSideScroller/Sprites/Backgrounds/Music_Stadium_-_Rock_3.uasset" 408
"../../../../../../Users/rszcz/Documents/Unreal Projects/smash/Content/2DSideScroller/Sprites/Backgrounds/Music_Stadium_-_Rock_4.uasset" 409
"../../../../../../Users/rszcz/Documents/Unreal Projects/smash/Content/2DSideScroller/Sprites/Backgrounds/Music_Stadium_-_Rock_5.uasset" 410
"../../../../../../Users/rszcz/Documents/Unreal Projects/smash/Content/2DSideScroller/Sprites/Backgrounds/Music_Stadium_-_Rock_6.uasset" 411
"../../../../../../Users/rszcz/Documents/Unreal Projects/smash/Content/2DSideScroller/Sprites/Backgrounds/Music_Stadium_-_Rock_7.uasset" 412
"../../../../../../Users/rszcz/Documents/Unreal Projects/smash/Content/2DSideScroller/Sprites/Backgrounds/Music_Stadium_-_Rock1.uasset" 413
"../../../../../../Users/rszcz/Documents/Unreal Projects/smash/Content/StarterContent/Shapes/Shape_Cube.uasset" 414
"../../../../../../Users/rszcz/Documents/Unreal Projects/smash/Content/2DSideScroller/Level1.umap" 415
"../../../Engine/Content/EditorBlueprintResources/StandardMacros.uasset" 416
"../../../../../../Users/rszcz/Documents/Unreal Projects/smash/Content/2DSideScroller/Sprites/Astrid/Astrid_Shoot/AstridNSpecial0.uasset" 417
"../../../../../../Users/rszcz/Documents/Unreal Projects/smash/Content/2DSideScroller/Sprites/Astrid/Astrid_Shoot/AstridNSpecial0_Sprite.uasset" 418
"../../../../../../Users/rszcz/Documents/Unreal Projects/smash/Content/2DSideScroller/Sprites/Astrid/Astrid_Shoot/AstridNSpecial1.uasset" 419
"../../../../../../Users/rszcz/Documents/Unreal Projects/smash/Content/2DSideScroller/Sprites/Astrid/Astrid_Shoot/AstridNSpecial1_Sprite.uasset" 420
"../../../../../../Users/rszcz/Documents/Unreal Projects/smash/Content/2DSideScroller/Sprites/Astrid/Astrid_Shoot/AstridNSpecial2.uasset" 421
"../../../../../../Users/rszcz/Documents/Unreal Projects/smash/Content/2DSideScroller/Sprites/Astrid/Astrid_Shoot/AstridNSpecial2_Sprite.uasset" 422
"../../../../../../Users/rszcz/Documents/Unreal Projects/smash/Content/2DSideScroller/Sprites/Astrid/Astrid_Shoot/AstridNSpecial3.uasset" 423
"../../../../../../Users/rszcz/Documents/Unreal Projects/smash/Content/2DSideScroller/Sprites/Astrid/Astrid_Shoot/AstridNSpecial3_Sprite.uasset" 424
"../../../../../../Users/rszcz/Documents/Unreal Projects/smash/Content/2DSideScroller/Sprites/Astrid/Astrid_Shoot/AstridNSpecial4.uasset" 425
"../../../../../../Users/rszcz/Documents/Unreal Projects/smash/Content/2DSideScroller/Sprites/Astrid/Astrid_Shoot/AstridNSpecial4_Sprite.uasset" 426
"../../../../../../Users/rszcz/Documents/Unreal Projects/smash/Content/2DSideScroller/Sprites/Astrid/Astrid_Shoot/AstridNSpecial.uasset" 427
"../../../../../../Users/rszcz/Documents/Unreal Projects/smash/Content/Blueprints/Astridtest.uasset" 428
"../../../../../../Users/rszcz/Documents/Unreal Projects/smash/Content/2DSideScrollerCPP/Maps/2DSideScrollerExampleMap_BuiltData.uasset" 429
"../../../Engine/Content/MapTemplates/Bokeh_5Sides.uasset" 430
"../../../Engine/Content/MapTemplates/T_ScreenDirt02_w.uasset" 431
"../../../../../../Users/rszcz/Documents/Unreal Projects/smash/Content/2dSideScroller/Textures/2DBackgroundBlockAtlas.uasset" 432
"../../../../../../Users/rszcz/Documents/Unreal Projects/smash/Content/2DSideScroller/Sprites/Ledge.uasset" 433
"../../../../../../Users/rszcz/Documents/Unreal Projects/smash/Content/2DSideScrollerCPP/Maps/2DSideScrollerExampleMap.umap" 434
"../../../../../../Users/rszcz/Documents/Unreal Projects/smash/Content/StarterContent/Blueprints/Assets/FogBrightnessLUT.uasset" 435
"../../../../../../Users/rszcz/Documents/Unreal Projects/smash/Content/StarterContent/Blueprints/Assets/SunlightColorLUT.uasset" 436
"../../../../../../Users/rszcz/Documents/Unreal Projects/smash/Content/StarterContent/Blueprints/Assets/M_LightStage_Arrows.uasset" 437
"../../../Engine/Content/MapTemplates/Sky/DaylightAmbientCubemap.uasset" 438
"../../../../../../Users/rszcz/Documents/Unreal Projects/smash/Content/StarterContent/Blueprints/Assets/M_LightStage_Skybox_Master.uasset" 439
"../../../../../../Users/rszcz/Documents/Unreal Projects/smash/Content/StarterContent/Blueprints/Assets/M_LightStage_Skybox_Black.uasset" 440
"../../../../../../Users/rszcz/Documents/Unreal Projects/smash/Content/StarterContent/Blueprints/Assets/M_LightStage_Skybox_HDRI.uasset" 441
"../../../Engine/Content/EditorMaterials/Thumbnails/SkySphereMaterial.uasset" 442
"../../../../../../Users/rszcz/Documents/Unreal Projects/smash/Content/StarterContent/Blueprints/Assets/Skybox.uasset" 443
"../../../../../../Users/rszcz/Documents/Unreal Projects/smash/Content/StarterContent/Blueprints/Assets/SM_Arrows.uasset" 444
"../../../../../../Users/rszcz/Documents/Unreal Projects/smash/Content/StarterContent/HDRI/HDRI_Epic_Courtyard_Daylight.uasset" 445
"../../../../../../Users/rszcz/Documents/Unreal Projects/smash/Content/StarterContent/Blueprints/BP_LightStudio.uasset" 446
"../../../../../../Users/rszcz/Documents/Unreal Projects/smash/Content/StarterContent/Maps/Advanced_Lighting_BuiltData.uasset" 447
"../../../../../../Users/rszcz/Documents/Unreal Projects/smash/Content/StarterContent/Materials/M_AssetPlatform.uasset" 448
"../../../Engine/Content/EditorMeshes/ColorCalibrator/M_ChromeBall.uasset" 449
"../../../Engine/Content/EditorMeshes/ColorCalibrator/M_ClearCoat.uasset" 450
"../../../Engine/Content/EditorMeshes/ColorCalibrator/M_ClearCoatBlack.uasset" 451
"../../../Engine/Content/EditorMeshes/ColorCalibrator/Color_checker.uasset" 452
"../../../Engine/Content/EditorMeshes/ColorCalibrator/M_ColorGrid.uasset" 453
"../../../Engine/Content/EditorMeshes/ColorCalibrator/M_GreyBall.uasset" 454
"../../../Engine/Content/EditorMeshes/ColorCalibrator/SM_ColorCalibrator.uasset" 455
"../../../../../../Users/rszcz/Documents/Unreal Projects/smash/Content/StarterContent/Architecture/SM_AssetPlatform.uasset" 456
"../../../../../../Users/rszcz/Documents/Unreal Projects/smash/Content/StarterContent/Maps/Advanced_Lighting.umap" 457
"../../../Engine/Content/EngineSky/C_Sky_Cloud_Color.uasset" 458
"../../../Engine/Content/EngineSky/C_Sky_Horizon_Color.uasset" 459
"../../../Engine/Content/EngineSky/C_Sky_Zenith_Color.uasset" 460
"../../../Engine/Content/EngineSky/T_Sky_Blue.uasset" 461
"../../../Engine/Content/EngineSky/T_Sky_Clouds_M.uasset" 462
"../../../Engine/Content/EngineSky/T_Sky_Stars.uasset" 463
"../../../Engine/Content/EngineSky/M_Sky_Panning_Clouds2.uasset" 464
"../../../Engine/Content/EngineSky/SM_SkySphere.uasset" 465
"../../../Engine/Content/EngineSky/BP_Sky_Sphere.uasset" 466
"../../../../../../Users/rszcz/Documents/Unreal Projects/smash/Content/StarterContent/Maps/Minimal_Default_BuiltData.uasset" 467
"../../../../../../Users/rszcz/Documents/Unreal Projects/smash/Content/StarterContent/Textures/T_MacroVariation.uasset" 468
"../../../../../../Users/rszcz/Documents/Unreal Projects/smash/Content/StarterContent/Materials/M_Metal_Brushed_Nickel.uasset" 469
"../../../../../../Users/rszcz/Documents/Unreal Projects/smash/Content/StarterContent/Textures/T_Metal_Aluminum_D.uasset" 470
"../../../../../../Users/rszcz/Documents/Unreal Projects/smash/Content/StarterContent/Textures/T_Metal_Gold_N.uasset" 471
"../../../../../../Users/rszcz/Documents/Unreal Projects/smash/Content/StarterContent/Materials/M_Metal_Burnished_Steel.uasset" 472
"../../../../../../Users/rszcz/Documents/Unreal Projects/smash/Content/StarterContent/Textures/T_Metal_Copper_D.uasset" 473
"../../../../../../Users/rszcz/Documents/Unreal Projects/smash/Content/StarterContent/Materials/M_Metal_Copper.uasset" 474
"../../../../../../Users/rszcz/Documents/Unreal Projects/smash/Content/StarterContent/Textures/T_Statue_M.uasset" 475
"../../../../../../Users/rszcz/Documents/Unreal Projects/smash/Content/StarterContent/Textures/T_Statue_N.uasset" 476
"../../../../../../Users/rszcz/Documents/Unreal Projects/smash/Content/StarterContent/Props/Materials/M_StatueGlass.uasset" 477
"../../../../../../Users/rszcz/Documents/Unreal Projects/smash/Content/StarterContent/Architecture/Floor_400x400.uasset" 478
"../../../../../../Users/rszcz/Documents/Unreal Projects/smash/Content/StarterContent/Audio/Starter_Background_Cue.uasset" 479
"../../../../../../Users/rszcz/Documents/Unreal Projects/smash/Content/StarterContent/Props/SM_Chair.uasset" 480
"../../../../../../Users/rszcz/Documents/Unreal Projects/smash/Content/StarterContent/Props/Materials/M_Statue.uasset" 481
"../../../../../../Users/rszcz/Documents/Unreal Projects/smash/Content/StarterContent/Props/SM_Statue.uasset" 482
"../../../../../../Users/rszcz/Documents/Unreal Projects/smash/Content/StarterContent/Textures/T_TableRound_M.uasset" 483
"../../../../../../Users/rszcz/Documents/Unreal Projects/smash/Content/StarterContent/Textures/T_TableRound_N.uasset" 484
"../../../../../../Users/rszcz/Documents/Unreal Projects/smash/Content/StarterContent/Props/Materials/M_TableRound.uasset" 485
"../../../../../../Users/rszcz/Documents/Unreal Projects/smash/Content/StarterContent/Props/SM_TableRound.uasset" 486
"../../../../../../Users/rszcz/Documents/Unreal Projects/smash/Content/StarterContent/Maps/Minimal_Default.umap" 487
"../../../../../../Users/rszcz/Documents/Unreal Projects/smash/Content/StarterContent/Audio/Fire01_Cue.uasset" 488
"../../../../../../Users/rszcz/Documents/Unreal Projects/smash/Content/StarterContent/Textures/T_Fire_SubUV.uasset" 489
"../../../../../../Users/rszcz/Documents/Unreal Projects/smash/Content/StarterContent/Textures/T_Fire_Tiled_D.uasset" 490
"../../../../../../Users/rszcz/Documents/Unreal Projects/smash/Content/StarterContent/Particles/Materials/M_Fire_SubUV.uasset" 491
"../../../../../../Users/rszcz/Documents/Unreal Projects/smash/Content/StarterContent/Textures/T_Water_N.uasset" 492
"../../../../../../Users/rszcz/Documents/Unreal Projects/smash/Content/StarterContent/Particles/Materials/M_Heat_Distortion.uasset" 493
"../../../../../../Users/rszcz/Documents/Unreal Projects/smash/Content/StarterContent/Particles/Materials/M_Radial_Gradient.uasset" 494
"../../../../../../Users/rszcz/Documents/Unreal Projects/smash/Content/StarterContent/Particles/P_Fire.uasset" 495
"../../../../../../Users/rszcz/Documents/Unreal Projects/smash/Content/StarterContent/Blueprints/Blueprint_Effect_Fire.uasset" 496
"../../../../../../Users/rszcz/Documents/Unreal Projects/smash/Content/StarterContent/Audio/Smoke01_Cue.uasset" 497
"../../../../../../Users/rszcz/Documents/Unreal Projects/smash/Content/StarterContent/Particles/P_Smoke.uasset" 498
"../../../../../../Users/rszcz/Documents/Unreal Projects/smash/Content/StarterContent/Blueprints/Blueprint_Effect_Smoke.uasset" 499
"../../../../../../Users/rszcz/Documents/Unreal Projects/smash/Content/StarterContent/Audio/Fire_Sparks01_Cue.uasset" 500
"../../../../../../Users/rszcz/Documents/Unreal Projects/smash/Content/StarterContent/Textures/T_Spark_Core.uasset" 501
"../../../../../../Users/rszcz/Documents/Unreal Projects/smash/Content/StarterContent/Particles/Materials/M_Spark.uasset" 502
"../../../../../../Users/rszcz/Documents/Unreal Projects/smash/Content/StarterContent/Particles/P_Sparks.uasset" 503
"../../../../../../Users/rszcz/Documents/Unreal Projects/smash/Content/StarterContent/Blueprints/Blueprint_Effect_Sparks.uasset" 504
"../../../../../../Users/rszcz/Documents/Unreal Projects/smash/Content/StarterContent/Audio/Steam01_Cue.uasset" 505
"../../../../../../Users/rszcz/Documents/Unreal Projects/smash/Content/StarterContent/Particles/P_Steam_Lit.uasset" 506
"../../../../../../Users/rszcz/Documents/Unreal Projects/smash/Content/StarterContent/Blueprints/Blueprint_Effect_Steam.uasset" 507
"../../../../../../Users/rszcz/Documents/Unreal Projects/smash/Content/StarterContent/Textures/T_Lamp_M.uasset" 508
"../../../../../../Users/rszcz/Documents/Unreal Projects/smash/Content/StarterContent/Textures/T_Lamp_N.uasset" 509
"../../../../../../Users/rszcz/Documents/Unreal Projects/smash/Content/StarterContent/Props/Materials/M_Lamp.uasset" 510
"../../../../../../Users/rszcz/Documents/Unreal Projects/smash/Content/StarterContent/Props/SM_Lamp_Ceiling.uasset" 511
"../../../../../../Users/rszcz/Documents/Unreal Projects/smash/Content/StarterContent/Blueprints/Blueprint_CeilingLight.uasset" 512
"../../../../../../Users/rszcz/Documents/Unreal Projects/smash/Content/StarterContent/Props/SM_Lamp_Wall.uasset" 513
"../../../../../../Users/rszcz/Documents/Unreal Projects/smash/Content/StarterContent/Blueprints/Blueprint_WallSconce.uasset" 514
"../../../../../../Users/rszcz/Documents/Unreal Projects/smash/Content/StarterContent/Maps/StarterMap_BuiltData.uasset" 515
"../../../Engine/Content/Functions/Engine_MaterialFunctions03/Procedurals/ComputeFilterWidth.uasset" 516
"../../../Engine/Content/EngineMaterials/AntiAliasedTextMaterialTranslucent.uasset" 517
"../../../../../../Users/rszcz/Documents/Unreal Projects/smash/Content/StarterContent/Textures/T_Brick_Clay_Beveled_D.uasset" 518
"../../../../../../Users/rszcz/Documents/Unreal Projects/smash/Content/StarterContent/Textures/T_Brick_Clay_Beveled_M.uasset" 519
"../../../../../../Users/rszcz/Documents/Unreal Projects/smash/Content/StarterContent/Textures/T_Brick_Clay_Beveled_N.uasset" 520
"../../../../../../Users/rszcz/Documents/Unreal Projects/smash/Content/StarterContent/Materials/M_Brick_Clay_Beveled.uasset" 521
"../../../../../../Users/rszcz/Documents/Unreal Projects/smash/Content/StarterContent/Textures/T_Brick_Clay_New_D.uasset" 522
"../../../../../../Users/rszcz/Documents/Unreal Projects/smash/Content/StarterContent/Textures/T_Brick_Clay_New_M.uasset" 523
"../../../../../../Users/rszcz/Documents/Unreal Projects/smash/Content/StarterContent/Textures/T_Brick_Clay_New_N.uasset" 524
"../../../../../../Users/rszcz/Documents/Unreal Projects/smash/Content/StarterContent/Materials/M_Brick_Clay_New.uasset" 525
"../../../../../../Users/rszcz/Documents/Unreal Projects/smash/Content/StarterContent/Textures/T_Brick_Clay_Old_D.uasset" 526
"../../../../../../Users/rszcz/Documents/Unreal Projects/smash/Content/StarterContent/Textures/T_Brick_Clay_Old_N.uasset" 527
"../../../../../../Users/rszcz/Documents/Unreal Projects/smash/Content/StarterContent/Textures/T_Perlin_Noise_M.uasset" 528
"../../../../../../Users/rszcz/Documents/Unreal Projects/smash/Content/StarterContent/Materials/M_Brick_Clay_Old.uasset" 529
"../../../../../../Users/rszcz/Documents/Unreal Projects/smash/Content/StarterContent/Textures/T_Brick_Cut_Stone_D.uasset" 530
"../../../../../../Users/rszcz/Documents/Unreal Projects/smash/Content/StarterContent/Textures/T_Brick_Cut_Stone_N.uasset" 531
"../../../../../../Users/rszcz/Documents/Unreal Projects/smash/Content/StarterContent/Materials/M_Brick_Cut_Stone.uasset" 532
"../../../../../../Users/rszcz/Documents/Unreal Projects/smash/Content/StarterContent/Textures/T_Brick_Hewn_Stone_D.uasset" 533
"../../../../../../Users/rszcz/Documents/Unreal Projects/smash/Content/StarterContent/Textures/T_Brick_Hewn_Stone_M.uasset" 534
"../../../../../../Users/rszcz/Documents/Unreal Projects/smash/Content/StarterContent/Textures/T_Brick_Hewn_Stone_N.uasset" 535
"../../../../../../Users/rszcz/Documents/Unreal Projects/smash/Content/StarterContent/Materials/M_Brick_Hewn_Stone.uasset" 536
"../../../../../../Users/rszcz/Documents/Unreal Projects/smash/Content/StarterContent/Textures/T_Ceramic_Tile_M.uasset" 537
"../../../../../../Users/rszcz/Documents/Unreal Projects/smash/Content/StarterContent/Textures/T_Ceramic_Tile_N.uasset" 538
"../../../../../../Users/rszcz/Documents/Unreal Projects/smash/Content/StarterContent/Textures/T_Rock_Marble_Polished_D.uasset" 539
"../../../../../../Users/rszcz/Documents/Unreal Projects/smash/Content/StarterContent/Materials/M_Ceramic_Tile_Checker.uasset" 540
"../../../../../../Users/rszcz/Documents/Unreal Projects/smash/Content/StarterContent/Textures/T_CobbleStone_Pebble_D.uasset" 541
"../../../../../../Users/rszcz/Documents/Unreal Projects/smash/Content/StarterContent/Textures/T_CobbleStone_Pebble_M.uasset" 542
"../../../../../../Users/rszcz/Documents/Unreal Projects/smash/Content/StarterContent/Textures/T_CobbleStone_Pebble_N.uasset" 543
"../../../../../../Users/rszcz/Documents/Unreal Projects/smash/Content/StarterContent/Materials/M_CobbleStone_Pebble.uasset" 544
"../../../../../../Users/rszcz/Documents/Unreal Projects/smash/Content/StarterContent/Textures/T_CobbleStone_Rough_D.uasset" 545
"../../../../../../Users/rszcz/Documents/Unreal Projects/smash/Content/StarterContent/Textures/T_CobbleStone_Rough_N.uasset" 546
"../../../../../../Users/rszcz/Documents/Unreal Projects/smash/Content/StarterContent/Textures/T_Gradinet_01.uasset" 547
"../../../../../../Users/rszcz/Documents/Unreal Projects/smash/Content/StarterContent/Textures/T_Rock_Smooth_Granite_D.uasset" 548
"../../../../../../Users/rszcz/Documents/Unreal Projects/smash/Content/StarterContent/Materials/M_CobbleStone_Rough.uasset" 549
"../../../../../../Users/rszcz/Documents/Unreal Projects/smash/Content/StarterContent/Textures/T_CobbleStone_Smooth_D.uasset" 550
"../../../../../../Users/rszcz/Documents/Unreal Projects/smash/Content/StarterContent/Textures/T_CobbleStone_Smooth_M.uasset" 551
"../../../../../../Users/rszcz/Documents/Unreal Projects/smash/Content/StarterContent/Textures/T_CobbleStone_Smooth_N.uasset" 552
"../../../../../../Users/rszcz/Documents/Unreal Projects/smash/Content/StarterContent/Materials/M_CobbleStone_Smooth.uasset" 553
"../../../../../../Users/rszcz/Documents/Unreal Projects/smash/Content/StarterContent/Textures/T_Concrete_Grime_D.uasset" 554
"../../../../../../Users/rszcz/Documents/Unreal Projects/smash/Content/StarterContent/Textures/T_Metal_Rust_N.uasset" 555
"../../../../../../Users/rszcz/Documents/Unreal Projects/smash/Content/StarterContent/Materials/M_Concrete_Grime.uasset" 556
"../../../../../../Users/rszcz/Documents/Unreal Projects/smash/Content/StarterContent/Textures/T_Concrete_Panels_D.uasset" 557
"../../../../../../Users/rszcz/Documents/Unreal Projects/smash/Content/StarterContent/Textures/T_Concrete_Panels_N.uasset" 558
"../../../../../../Users/rszcz/Documents/Unreal Projects/smash/Content/StarterContent/Materials/M_Concrete_Panels.uasset" 559
"../../../../../../Users/rszcz/Documents/Unreal Projects/smash/Content/StarterContent/Textures/T_Concrete_Poured_D.uasset" 560
"../../../../../../Users/rszcz/Documents/Unreal Projects/smash/Content/StarterContent/Textures/T_Concrete_Poured_N.uasset" 561
"../../../../../../Users/rszcz/Documents/Unreal Projects/smash/Content/StarterContent/Materials/M_Concrete_Poured.uasset" 562
"../../../../../../Users/rszcz/Documents/Unreal Projects/smash/Content/StarterContent/Textures/T_Concrete_Tiles_D.uasset" 563
"../../../../../../Users/rszcz/Documents/Unreal Projects/smash/Content/StarterContent/Textures/T_Concrete_Tiles_M.uasset" 564
"../../../../../../Users/rszcz/Documents/Unreal Projects/smash/Content/StarterContent/Textures/T_Concrete_Tiles_N.uasset" 565
"../../../../../../Users/rszcz/Documents/Unreal Projects/smash/Content/StarterContent/Textures/T_Concrete_Tiles_Variation_M.uasset" 566
"../../../../../../Users/rszcz/Documents/Unreal Projects/smash/Content/StarterContent/Materials/M_Concrete_Tiles.uasset" 567
"../../../../../../Users/rszcz/Documents/Unreal Projects/smash/Content/StarterContent/Textures/T_Ground_Grass_D.uasset" 568
"../../../../../../Users/rszcz/Documents/Unreal Projects/smash/Content/StarterContent/Textures/T_Ground_Grass_N.uasset" 569
"../../../../../../Users/rszcz/Documents/Unreal Projects/smash/Content/StarterContent/Materials/M_Ground_Grass.uasset" 570
"../../../../../../Users/rszcz/Documents/Unreal Projects/smash/Content/StarterContent/Textures/T_Ground_Gravel_D.uasset" 571
"../../../../../../Users/rszcz/Documents/Unreal Projects/smash/Content/StarterContent/Textures/T_Ground_Gravel_N.uasset" 572
"../../../../../../Users/rszcz/Documents/Unreal Projects/smash/Content/StarterContent/Materials/M_Ground_Gravel.uasset" 573
"../../../../../../Users/rszcz/Documents/Unreal Projects/smash/Content/StarterContent/Textures/T_ground_Moss_D.uasset" 574
"../../../../../../Users/rszcz/Documents/Unreal Projects/smash/Content/StarterContent/Textures/T_Ground_Moss_N.uasset" 575
"../../../../../../Users/rszcz/Documents/Unreal Projects/smash/Content/StarterContent/Materials/M_Ground_Moss.uasset" 576
"../../../../../../Users/rszcz/Documents/Unreal Projects/smash/Content/StarterContent/Materials/M_Metal_Chrome.uasset" 577
"../../../../../../Users/rszcz/Documents/Unreal Projects/smash/Content/StarterContent/Textures/T_Metal_Gold_D.uasset" 578
"../../../../../../Users/rszcz/Documents/Unreal Projects/smash/Content/StarterContent/Materials/M_Metal_Gold.uasset" 579
"../../../../../../Users/rszcz/Documents/Unreal Projects/smash/Content/StarterContent/Textures/T_Metal_Rust_D.uasset" 580
"../../../../../../Users/rszcz/Documents/Unreal Projects/smash/Content/StarterContent/Materials/M_Metal_Rust.uasset" 581
"../../../../../../Users/rszcz/Documents/Unreal Projects/smash/Content/StarterContent/Textures/T_Metal_Steel_D.uasset" 582
"../../../../../../Users/rszcz/Documents/Unreal Projects/smash/Content/StarterContent/Textures/T_Metal_Steel_N.uasset" 583
"../../../../../../Users/rszcz/Documents/Unreal Projects/smash/Content/StarterContent/Materials/M_Metal_Steel.uasset" 584
"../../../../../../Users/rszcz/Documents/Unreal Projects/smash/Content/StarterContent/Textures/T_Rock_Basalt_N.uasset" 585
"../../../../../../Users/rszcz/Documents/Unreal Projects/smash/Content/StarterContent/Materials/M_Rock_Basalt.uasset" 586
"../../../../../../Users/rszcz/Documents/Unreal Projects/smash/Content/StarterContent/Materials/M_Rock_Marble_Polished.uasset" 587
"../../../../../../Users/rszcz/Documents/Unreal Projects/smash/Content/StarterContent/Textures/T_Rock_Sandstone_D.uasset" 588
"../../../../../../Users/rszcz/Documents/Unreal Projects/smash/Content/StarterContent/Textures/T_Rock_Sandstone_N.uasset" 589
"../../../../../../Users/rszcz/Documents/Unreal Projects/smash/Content/StarterContent/Materials/M_Rock_Sandstone.uasset" 590
"../../../../../../Users/rszcz/Documents/Unreal Projects/smash/Content/StarterContent/Textures/T_Rock_Slate_D.uasset" 591
"../../../../../../Users/rszcz/Documents/Unreal Projects/smash/Content/StarterContent/Textures/T_Rock_Slate_N.uasset" 592
"../../../../../../Users/rszcz/Documents/Unreal Projects/smash/Content/StarterContent/Materials/M_Rock_Slate.uasset" 593
"../../../../../../Users/rszcz/Documents/Unreal Projects/smash/Content/StarterContent/Textures/T_Checker_Noise_M.uasset" 594
"../../../../../../Users/rszcz/Documents/Unreal Projects/smash/Content/StarterContent/Textures/T_Single_Tile_N.uasset" 595
"../../../../../../Users/rszcz/Documents/Unreal Projects/smash/Content/StarterContent/Textures/T_Tech_Dot_M.uasset" 596
"../../../../../../Users/rszcz/Documents/Unreal Projects/smash/Content/StarterContent/Textures/T_Tech_Dot_N.uasset" 597
"../../../../../../Users/rszcz/Documents/Unreal Projects/smash/Content/StarterContent/Materials/M_Tech_Checker_Dot.uasset" 598
"../../../../../../Users/rszcz/Documents/Unreal Projects/smash/Content/StarterContent/Textures/T_Tech_Hex_Tile_M.uasset" 599
"../../../../../../Users/rszcz/Documents/Unreal Projects/smash/Content/StarterContent/Textures/T_Tech_Hex_Tile_N.uasset" 600
"../../../../../../Users/rszcz/Documents/Unreal Projects/smash/Content/StarterContent/Materials/M_Tech_Hex_Tile.uasset" 601
"../../../../../../Users/rszcz/Documents/Unreal Projects/smash/Content/StarterContent/Materials/M_Tech_Hex_Tile_Pulse.uasset" 602
"../../../../../../Users/rszcz/Documents/Unreal Projects/smash/Content/StarterContent/Textures/T_Tech_Panel_M.uasset" 603
"../../../../../../Users/rszcz/Documents/Unreal Projects/smash/Content/StarterContent/Textures/T_Tech_Panel_N.uasset" 604
"../../../../../../Users/rszcz/Documents/Unreal Projects/smash/Content/StarterContent/Materials/M_Tech_Panel.uasset" 605
"../../../../../../Users/rszcz/Documents/Unreal Projects/smash/Content/StarterContent/Materials/M_Water_Lake.uasset" 606
"../../../../../../Users/rszcz/Documents/Unreal Projects/smash/Content/StarterContent/Textures/T_Water_M.uasset" 607
"../../../../../../Users/rszcz/Documents/Unreal Projects/smash/Content/StarterContent/Materials/M_Water_Ocean.uasset" 608
"../../../../../../Users/rszcz/Documents/Unreal Projects/smash/Content/StarterContent/Textures/T_Wood_Floor_Walnut_D.uasset" 609
"../../../../../../Users/rszcz/Documents/Unreal Projects/smash/Content/StarterContent/Textures/T_Wood_Floor_Walnut_M.uasset" 610
"../../../../../../Users/rszcz/Documents/Unreal Projects/smash/Content/StarterContent/Textures/T_Wood_Floor_Walnut_N.uasset" 611
"../../../../../../Users/rszcz/Documents/Unreal Projects/smash/Content/StarterContent/Materials/M_Wood_Floor_Walnut_Polished.uasset" 612
"../../../Engine/Content/Functions/Engine_MaterialFunctions01/Opacity/AlphaOffset.uasset" 613
"../../../../../../Users/rszcz/Documents/Unreal Projects/smash/Content/StarterContent/Materials/M_Wood_Floor_Walnut_Worn.uasset" 614
"../../../../../../Users/rszcz/Documents/Unreal Projects/smash/Content/StarterContent/Textures/T_Wood_Oak_D.uasset" 615
"../../../../../../Users/rszcz/Documents/Unreal Projects/smash/Content/StarterContent/Textures/T_Wood_Oak_N.uasset" 616
"../../../../../../Users/rszcz/Documents/Unreal Projects/smash/Content/StarterContent/Materials/M_Wood_Oak.uasset" 617
"../../../../../../Users/rszcz/Documents/Unreal Projects/smash/Content/StarterContent/Textures/T_Wood_Pine_D.uasset" 618
"../../../../../../Users/rszcz/Documents/Unreal Projects/smash/Content/StarterContent/Textures/T_Wood_Pine_N.uasset" 619
"../../../../../../Users/rszcz/Documents/Unreal Projects/smash/Content/StarterContent/Materials/M_Wood_Pine.uasset" 620
"../../../../../../Users/rszcz/Documents/Unreal Projects/smash/Content/StarterContent/Textures/T_Wood_Walnut_D.uasset" 621
"../../../../../../Users/rszcz/Documents/Unreal Projects/smash/Content/StarterContent/Textures/T_Wood_Walnut_N.uasset" 622
"../../../../../../Users/rszcz/Documents/Unreal Projects/smash/Content/StarterContent/Materials/M_Wood_Walnut.uasset" 623
"../../../../../../Users/rszcz/Documents/Unreal Projects/smash/Content/StarterContent/Architecture/Wall_400x200.uasset" 624
"../../../../../../Users/rszcz/Documents/Unreal Projects/smash/Content/StarterContent/Architecture/Wall_Door_400x300.uasset" 625
"../../../../../../Users/rszcz/Documents/Unreal Projects/smash/Content/StarterContent/Architecture/Wall_Window_400x300.uasset" 626
"../../../../../../Users/rszcz/Documents/Unreal Projects/smash/Content/StarterContent/Audio/Collapse_Cue.uasset" 627
"../../../../../../Users/rszcz/Documents/Unreal Projects/smash/Content/StarterContent/Audio/Starter_Music_Cue.uasset" 628
"../../../../../../Users/rszcz/Documents/Unreal Projects/smash/Content/StarterContent/Textures/T_Dust_Particle_D.uasset" 629
"../../../../../../Users/rszcz/Documents/Unreal Projects/smash/Content/StarterContent/Particles/Materials/M_Dust_Particle.uasset" 630
"../../../../../../Users/rszcz/Documents/Unreal Projects/smash/Content/StarterContent/Particles/P_Ambient_Dust.uasset" 631
"../../../../../../Users/rszcz/Documents/Unreal Projects/smash/Content/StarterContent/Props/MaterialSphere.uasset" 632
"../../../../../../Users/rszcz/Documents/Unreal Projects/smash/Content/StarterContent/Textures/T_Frame_M.uasset" 633
"../../../../../../Users/rszcz/Documents/Unreal Projects/smash/Content/StarterContent/Textures/T_Frame_N.uasset" 634
"../../../../../../Users/rszcz/Documents/Unreal Projects/smash/Content/StarterContent/Props/Materials/M_Frame.uasset" 635
"../../../../../../Users/rszcz/Documents/Unreal Projects/smash/Content/StarterContent/Props/SM_CornerFrame.uasset" 636
"../../../../../../Users/rszcz/Documents/Unreal Projects/smash/Content/StarterContent/Props/SM_DoorFrame.uasset" 637
"../../../../../../Users/rszcz/Documents/Unreal Projects/smash/Content/StarterContent/Props/SM_GlassWindow.uasset" 638
"../../../../../../Users/rszcz/Documents/Unreal Projects/smash/Content/StarterContent/Props/SM_PillarFrame.uasset" 639
"../../../../../../Users/rszcz/Documents/Unreal Projects/smash/Content/StarterContent/Props/SM_PillarFrame300.uasset" 640
"../../../../../../Users/rszcz/Documents/Unreal Projects/smash/Content/StarterContent/Props/SM_WindowFrame.uasset" 641
"../../../../../../Users/rszcz/Documents/Unreal Projects/smash/Content/StarterContent/Shapes/Shape_QuadPyramid.uasset" 642
"../../../../../../Users/rszcz/Documents/Unreal Projects/smash/Content/StarterContent/Shapes/Shape_Sphere.uasset" 643
"../../../../../../Users/rszcz/Documents/Unreal Projects/smash/Content/StarterContent/Maps/StarterMap.umap" 644
